<?xml version="1.0" encoding="UTF-8"?>
<!-- Generated by org.testng.reporters.JUnitReportReporter -->
<testsuite hostname="DESKTOP-RGVI8T0" failures="0" tests="1" name="com.testcases.LogoutTest" time="0.000" errors="0" timestamp="2025-03-24T09:33:28 IST" skipped="1">
  <testcase classname="com.testcases.LogoutTest" name="logout" time="0.000">
    <skipped/>
  </testcase> <!-- logout -->
</testsuite> <!-- com.testcases.LogoutTest -->
