<?xml version="1.0" encoding="UTF-8"?>
<!-- Generated by org.testng.reporters.JUnitReportReporter -->
<testsuite hostname="DESKTOP-RGVI8T0" failures="0" tests="1" name="orangehrm.test.TestLoginFunctionality" time="9.940" errors="0" timestamp="2025-02-28T18:15:53 IST" skipped="0">
  <testcase classname="orangehrm.test.TestLoginFunctionality" name="login" time="9.940"/>
</testsuite> <!-- orangehrm.test.TestLoginFunctionality -->
