<?xml version="1.0" encoding="UTF-8"?>
<!-- Generated by org.testng.reporters.JUnitReportReporter -->
<testsuite hostname="DESKTOP-RGVI8T0" failures="0" tests="1" name="orangehrm.testclass.LoginTest" time="6.801" errors="0" timestamp="2025-03-04T15:39:42 IST" skipped="0">
  <testcase classname="orangehrm.testclass.LoginTest" name="loginWithValidIdAndPassword" time="6.801"/>
  <system-out>
    <![CDATA[Username is entered in username text box: Admin
User name is entered
Password is entered in password text box.
Password is entered
Login button is clicked.
Login button is clicked]]>
  </system-out>
</testsuite> <!-- orangehrm.testclass.LoginTest -->
