<?xml version="1.0" encoding="UTF-8"?>
<!-- Generated by org.testng.reporters.JUnitReportReporter -->
<testsuite hostname="DESKTOP-RGVI8T0" failures="0" tests="1" name="orangehrm.testclass.HomepageLogout" time="7.631" errors="0" timestamp="2025-03-04T15:39:42 IST" skipped="0">
  <testcase classname="orangehrm.testclass.HomepageLogout" name="logoutfromOrangehrmHomepage" time="7.631"/>
  <system-out>
    <![CDATA[Profile button is clicked
Logout button is clicked]]>
  </system-out>
</testsuite> <!-- orangehrm.testclass.HomepageLogout -->
