<?xml version="1.0" encoding="UTF-8"?>
<!-- Generated by org.testng.reporters.JUnitReportReporter -->
<testsuite hostname="DESKTOP-RGVI8T0" failures="0" tests="1" name="orangehrm.test.TestLoginFunctionality" time="11.940" errors="0" timestamp="2025-03-04T15:44:37 IST" skipped="0">
  <testcase classname="orangehrm.test.TestLoginFunctionality" name="login" time="11.940"/>
  <system-out>
    <![CDATA[Username is entered
Password is entered
Login button is clicked]]>
  </system-out>
</testsuite> <!-- orangehrm.test.TestLoginFunctionality -->
